C:\Users\sergi\AppData\Local\Programs\Python\Python313\Lib\site-packages\pgmpy\estimators\__init__.py:4: FutureWarning: `pgmpy.estimators.StructureScore` is deprecated and will be removed in a future release. Use `pgmpy.structure_score` instead.
  from .StructureScore import (
Plan: 200 corridas (200 pendientes, 0 hechas)
Filas en CSV previo: 0
Optimizador: UMDA
Modo de Fitness: BINARY
Reglas totales para evaluar precisiˇn: 20
Reglas usadas para entrenar (Fitness): 1
Iniciando optimizaciˇn...
IT:  0 	Best cost:  0
IT:  1 	Best cost:  0
IT:  2 	Best cost:  0
IT:  3 	Best cost:  0
IT:  4 	Best cost:  0
IT:  5 	Best cost:  0
IT:  6 	Best cost:  0
IT:  7 	Best cost:  0
IT:  8 	Best cost:  0
IT:  9 	Best cost:  0
IT:  10 	Best cost:  0
IT:  11 	Best cost:  0
IT:  12 	Best cost:  0
IT:  13 	Best cost:  0
IT:  14 	Best cost:  0
IT:  15 	Best cost:  0
IT:  16 	Best cost:  0
IT:  17 	Best cost:  0
IT:  18 	Best cost:  0
IT:  19 	Best cost:  0
IT:  20 	Best cost:  0
IT:  21 	Best cost:  0
IT:  22 	Best cost:  0
IT:  23 	Best cost:  0
IT:  24 	Best cost:  0
IT:  25 	Best cost:  0
IT:  26 	Best cost:  0
IT:  27 	Best cost:  0
IT:  28 	Best cost:  0
IT:  29 	Best cost:  0
IT:  30 	Best cost:  0
IT:  31 	Best cost:  0
IT:  32 	Best cost:  0
IT:  33 	Best cost:  0
IT:  34 	Best cost:  0
IT:  35 	Best cost:  0
IT:  36 	Best cost:  0
IT:  37 	Best cost:  0
IT:  38 	Best cost:  0
IT:  39 	Best cost:  0
IT:  40 	Best cost:  0
IT:  41 	Best cost:  0
IT:  42 	Best cost:  0
IT:  43 	Best cost:  0
IT:  44 	Best cost:  0
IT:  45 	Best cost:  0
IT:  46 	Best cost:  0
IT:  47 	Best cost:  0
IT:  48 	Best cost:  0
IT:  49 	Best cost:  0
IT:  50 	Best cost:  0
IT:  51 	Best cost:  0
IT:  52 	Best cost:  0
IT:  53 	Best cost:  0
IT:  54 	Best cost:  0
IT:  55 	Best cost:  0
IT:  56 	Best cost:  0
IT:  57 	Best cost:  0
IT:  58 	Best cost:  0
IT:  59 	Best cost:  0
IT:  60 	Best cost:  0
IT:  61 	Best cost:  0
IT:  62 	Best cost:  0
IT:  63 	Best cost:  0
IT:  64 	Best cost:  0
IT:  65 	Best cost:  0
IT:  66 	Best cost:  0
IT:  67 	Best cost:  0
IT:  68 	Best cost:  0
IT:  69 	Best cost:  0
IT:  70 	Best cost:  0
IT:  71 	Best cost:  0
IT:  72 	Best cost:  0
IT:  73 	Best cost:  0
IT:  74 	Best cost:  0
IT:  75 	Best cost:  0
IT:  76 	Best cost:  0
IT:  77 	Best cost:  0
IT:  78 	Best cost:  0
IT:  79 	Best cost:  0
IT:  80 	Best cost:  0
IT:  81 	Best cost:  0
IT:  82 	Best cost:  0
IT:  83 	Best cost:  0
IT:  84 	Best cost:  0
IT:  85 	Best cost:  0
IT:  86 	Best cost:  0
IT:  87 	Best cost:  0
IT:  88 	Best cost:  0
IT:  89 	Best cost:  0
IT:  90 	Best cost:  0
IT:  91 	Best cost:  0
IT:  92 	Best cost:  0
IT:  93 	Best cost:  0
IT:  94 	Best cost:  0
IT:  95 	Best cost:  0
IT:  96 	Best cost:  0
IT:  97 	Best cost:  0
IT:  98 	Best cost:  0
IT:  99 	Best cost:  0
IT:  100 	Best cost:  0
IT:  101 	Best cost:  0

íPARADA ANTICIPADA! El 50% de los individuos cumple TODAS las reglas reales.
[1/200] bypass2/umda/binary rep=0: REGLAS_NECESARIAS=14 gens=104 eventos=13 perfectos=50% mean_acc=97%  (0.1min / ETA 20.5min)
Optimizador: UMDA
Modo de Fitness: BINARY
Reglas totales para evaluar precisiˇn: 20
Reglas usadas para entrenar (Fitness): 1
Iniciando optimizaciˇn...
IT:  0 	Best cost:  0
IT:  1 	Best cost:  0
IT:  2 	Best cost:  0
IT:  3 	Best cost:  0
IT:  4 	Best cost:  0
IT:  5 	Best cost:  0
IT:  6 	Best cost:  0
IT:  7 	Best cost:  0
IT:  8 	Best cost:  0
IT:  9 	Best cost:  0
IT:  10 	Best cost:  0
IT:  11 	Best cost:  0
IT:  12 	Best cost:  0
IT:  13 	Best cost:  0
IT:  14 	Best cost:  0
IT:  15 	Best cost:  0
IT:  16 	Best cost:  0
IT:  17 	Best cost:  0
IT:  18 	Best cost:  0
IT:  19 	Best cost:  0
IT:  20 	Best cost:  0
IT:  21 	Best cost:  0
IT:  22 	Best cost:  0
IT:  23 	Best cost:  0
IT:  24 	Best cost:  0
IT:  25 	Best cost:  0
IT:  26 	Best cost:  0
IT:  27 	Best cost:  0
IT:  28 	Best cost:  0
IT:  29 	Best cost:  0
IT:  30 	Best cost:  0
IT:  31 	Best cost:  0
IT:  32 	Best cost:  0
IT:  33 	Best cost:  0
IT:  34 	Best cost:  0
IT:  35 	Best cost:  0
IT:  36 	Best cost:  0
IT:  37 	Best cost:  0
IT:  38 	Best cost:  0
IT:  39 	Best cost:  0
IT:  40 	Best cost:  0
IT:  41 	Best cost:  0
IT:  42 	Best cost:  0
IT:  43 	Best cost:  0
IT:  44 	Best cost:  0
IT:  45 	Best cost:  0
IT:  46 	Best cost:  0
IT:  47 	Best cost:  0
IT:  48 	Best cost:  0
IT:  49 	Best cost:  0
IT:  50 	Best cost:  0
IT:  51 	Best cost:  0
IT:  52 	Best cost:  0
IT:  53 	Best cost:  0
IT:  54 	Best cost:  0
IT:  55 	Best cost:  0
IT:  56 	Best cost:  0
IT:  57 	Best cost:  0
IT:  58 	Best cost:  0
IT:  59 	Best cost:  0
IT:  60 	Best cost:  0
IT:  61 	Best cost:  0
IT:  62 	Best cost:  0
IT:  63 	Best cost:  0
IT:  64 	Best cost:  0
IT:  65 	Best cost:  0
IT:  66 	Best cost:  0
IT:  67 	Best cost:  0
IT:  68 	Best cost:  0
IT:  69 	Best cost:  0
IT:  70 	Best cost:  0
IT:  71 	Best cost:  0
IT:  72 	Best cost:  0
IT:  73 	Best cost:  0
IT:  74 	Best cost:  0
IT:  75 	Best cost:  0
IT:  76 	Best cost:  0
IT:  77 	Best cost:  0
IT:  78 	Best cost:  0
IT:  79 	Best cost:  0
IT:  80 	Best cost:  0
IT:  81 	Best cost:  0
IT:  82 	Best cost:  0
IT:  83 	Best cost:  0
IT:  84 	Best cost:  0
IT:  85 	Best cost:  0
IT:  86 	Best cost:  0
IT:  87 	Best cost:  0
IT:  88 	Best cost:  0
IT:  89 	Best cost:  0
IT:  90 	Best cost:  0
IT:  91 	Best cost:  0
IT:  92 	Best cost:  0
IT:  93 	Best cost:  0
IT:  94 	Best cost:  0
IT:  95 	Best cost:  0
IT:  96 	Best cost:  0
IT:  97 	Best cost:  0
IT:  98 	Best cost:  0
IT:  99 	Best cost:  0
IT:  100 	Best cost:  0
IT:  101 	Best cost:  0
IT:  102 	Best cost:  0
IT:  103 	Best cost:  0
IT:  104 	Best cost:  0
IT:  105 	Best cost:  0
IT:  106 	Best cost:  0
IT:  107 	Best cost:  0
IT:  108 	Best cost:  0
IT:  109 	Best cost:  0
IT:  110 	Best cost:  0
IT:  111 	Best cost:  0
IT:  112 	Best cost:  0
IT:  113 	Best cost:  0
IT:  114 	Best cost:  0
IT:  115 	Best cost:  0
IT:  116 	Best cost:  0
IT:  117 	Best cost:  0
IT:  118 	Best cost:  0
IT:  119 	Best cost:  0
IT:  120 	Best cost:  0
IT:  121 	Best cost:  0
IT:  122 	Best cost:  0
IT:  123 	Best cost:  0
IT:  124 	Best cost:  0
IT:  125 	Best cost:  0
IT:  126 	Best cost:  0
IT:  127 	Best cost:  0
IT:  128 	Best cost:  0
IT:  129 	Best cost:  0
IT:  130 	Best cost:  0
IT:  131 	Best cost:  0
IT:  132 	Best cost:  0
IT:  133 	Best cost:  0
IT:  134 	Best cost:  0
IT:  135 	Best cost:  0
IT:  136 	Best cost:  0
IT:  137 	Best cost:  0
IT:  138 	Best cost:  0
IT:  139 	Best cost:  0
IT:  140 	Best cost:  0

íPARADA ANTICIPADA! El 50% de los individuos cumple TODAS las reglas reales.
[2/200] bypass2/umda/binary rep=1: REGLAS_NECESARIAS=20 gens=143 eventos=19 perfectos=54% mean_acc=97%  (0.3min / ETA 25.5min)
Optimizador: UMDA
Modo de Fitness: BINARY
Reglas totales para evaluar precisiˇn: 20
Reglas usadas para entrenar (Fitness): 1
Iniciando optimizaciˇn...
IT:  0 	Best cost:  0
IT:  1 	Best cost:  0
IT:  2 	Best cost:  0
IT:  3 	Best cost:  0
IT:  4 	Best cost:  0
IT:  5 	Best cost:  0
IT:  6 	Best cost:  0
IT:  7 	Best cost:  0
IT:  8 	Best cost:  0
IT:  9 	Best cost:  0
IT:  10 	Best cost:  0
IT:  11 	Best cost:  0
IT:  12 	Best cost:  0
IT:  13 	Best cost:  0
IT:  14 	Best cost:  0
IT:  15 	Best cost:  0
IT:  16 	Best cost:  0
IT:  17 	Best cost:  0
IT:  18 	Best cost:  0
IT:  19 	Best cost:  0
IT:  20 	Best cost:  0
IT:  21 	Best cost:  0
IT:  22 	Best cost:  0
IT:  23 	Best cost:  0
IT:  24 	Best cost:  0
IT:  25 	Best cost:  0
IT:  26 	Best cost:  0
IT:  27 	Best cost:  0
IT:  28 	Best cost:  0
IT:  29 	Best cost:  0
IT:  30 	Best cost:  0
IT:  31 	Best cost:  0
IT:  32 	Best cost:  0
IT:  33 	Best cost:  0
IT:  34 	Best cost:  0
IT:  35 	Best cost:  0
IT:  36 	Best cost:  0
IT:  37 	Best cost:  0
IT:  38 	Best cost:  0
IT:  39 	Best cost:  0
IT:  40 	Best cost:  0
IT:  41 	Best cost:  0
IT:  42 	Best cost:  0
IT:  43 	Best cost:  0
IT:  44 	Best cost:  0
IT:  45 	Best cost:  0
IT:  46 	Best cost:  0
IT:  47 	Best cost:  0
IT:  48 	Best cost:  0
IT:  49 	Best cost:  0
IT:  50 	Best cost:  0
IT:  51 	Best cost:  0
IT:  52 	Best cost:  0
IT:  53 	Best cost:  0
IT:  54 	Best cost:  0
IT:  55 	Best cost:  0
IT:  56 	Best cost:  0
IT:  57 	Best cost:  0
IT:  58 	Best cost:  0
IT:  59 	Best cost:  0
IT:  60 	Best cost:  0
IT:  61 	Best cost:  0
IT:  62 	Best cost:  0
IT:  63 	Best cost:  0
IT:  64 	Best cost:  0
IT:  65 	Best cost:  0
IT:  66 	Best cost:  0
IT:  67 	Best cost:  0
IT:  68 	Best cost:  0
IT:  69 	Best cost:  0
IT:  70 	Best cost:  0
IT:  71 	Best cost:  0
IT:  72 	Best cost:  0
IT:  73 	Best cost:  0
IT:  74 	Best cost:  0
IT:  75 	Best cost:  0
IT:  76 	Best cost:  0
IT:  77 	Best cost:  0
IT:  78 	Best cost:  0
IT:  79 	Best cost:  0
IT:  80 	Best cost:  0
IT:  81 	Best cost:  0
IT:  82 	Best cost:  0
IT:  83 	Best cost:  0
IT:  84 	Best cost:  0
IT:  85 	Best cost:  0
IT:  86 	Best cost:  0
IT:  87 	Best cost:  0
IT:  88 	Best cost:  0
IT:  89 	Best cost:  0
IT:  90 	Best cost:  0
IT:  91 	Best cost:  0
IT:  92 	Best cost:  0
IT:  93 	Best cost:  0
IT:  94 	Best cost:  0
IT:  95 	Best cost:  0
IT:  96 	Best cost:  0
IT:  97 	Best cost:  0
IT:  98 	Best cost:  0
IT:  99 	Best cost:  0
IT:  100 	Best cost:  0
IT:  101 	Best cost:  0
IT:  102 	Best cost:  0
IT:  103 	Best cost:  0
IT:  104 	Best cost:  0
IT:  105 	Best cost:  0
IT:  106 	Best cost:  0
IT:  107 	Best cost:  0
IT:  108 	Best cost:  0
IT:  109 	Best cost:  0
IT:  110 	Best cost:  0
IT:  111 	Best cost:  0
IT:  112 	Best cost:  0
IT:  113 	Best cost:  0
IT:  114 	Best cost:  0
IT:  115 	Best cost:  0
IT:  116 	Best cost:  0
IT:  117 	Best cost:  0
IT:  118 	Best cost:  0
IT:  119 	Best cost:  0
IT:  120 	Best cost:  0
IT:  121 	Best cost:  0
IT:  122 	Best cost:  0
IT:  123 	Best cost:  0
IT:  124 	Best cost:  0
IT:  125 	Best cost:  0
IT:  126 	Best cost:  0
IT:  127 	Best cost:  0
IT:  128 	Best cost:  0
IT:  129 	Best cost:  0
IT:  130 	Best cost:  0
IT:  131 	Best cost:  0
IT:  132 	Best cost:  0
IT:  133 	Best cost:  0
IT:  134 	Best cost:  0
IT:  135 	Best cost:  0
IT:  136 	Best cost:  0
IT:  137 	Best cost:  0
IT:  138 	Best cost:  0
IT:  139 	Best cost:  0
IT:  140 	Best cost:  0
IT:  141 	Best cost:  0
IT:  142 	Best cost:  0
IT:  143 	Best cost:  0
IT:  144 	Best cost:  0
IT:  145 	Best cost:  0
IT:  146 	Best cost:  0
IT:  147 	Best cost:  0
IT:  148 	Best cost:  0
IT:  149 	Best cost:  0
IT:  150 	Best cost:  0
IT:  151 	Best cost:  0
IT:  152 	Best cost:  0
IT:  153 	Best cost:  0
IT:  154 	Best cost:  0
IT:  155 	Best cost:  0
IT:  156 	Best cost:  0
IT:  157 	Best cost:  0
IT:  158 	Best cost:  0
IT:  159 	Best cost:  0
IT:  160 	Best cost:  0
IT:  161 	Best cost:  0
IT:  162 	Best cost:  0
IT:  163 	Best cost:  0
IT:  164 	Best cost:  0
IT:  165 	Best cost:  0
IT:  166 	Best cost:  0
IT:  167 	Best cost:  0
IT:  168 	Best cost:  0
IT:  169 	Best cost:  0
IT:  170 	Best cost:  0
IT:  171 	Best cost:  0
IT:  172 	Best cost:  0
IT:  173 	Best cost:  0
IT:  174 	Best cost:  0
IT:  175 	Best cost:  0
IT:  176 	Best cost:  0
IT:  177 	Best cost:  0
IT:  178 	Best cost:  0
IT:  179 	Best cost:  0
IT:  180 	Best cost:  0
IT:  181 	Best cost:  0
IT:  182 	Best cost:  0
IT:  183 	Best cost:  0
IT:  184 	Best cost:  0
IT:  185 	Best cost:  0
IT:  186 	Best cost:  0
IT:  187 	Best cost:  0
IT:  188 	Best cost:  0
IT:  189 	Best cost:  0
IT:  190 	Best cost:  0
IT:  191 	Best cost:  0
IT:  192 	Best cost:  0
IT:  193 	Best cost:  0
IT:  194 	Best cost:  0
IT:  195 	Best cost:  0
IT:  196 	Best cost:  0
IT:  197 	Best cost:  0
IT:  198 	Best cost:  0
IT:  199 	Best cost:  0
IT:  200 	Best cost:  0
IT:  201 	Best cost:  0
IT:  202 	Best cost:  0
IT:  203 	Best cost:  0
IT:  204 	Best cost:  0
IT:  205 	Best cost:  0
IT:  206 	Best cost:  0
IT:  207 	Best cost:  0
IT:  208 	Best cost:  0
IT:  209 	Best cost:  0
IT:  210 	Best cost:  0
IT:  211 	Best cost:  0
IT:  212 	Best cost:  0
IT:  213 	Best cost:  0
IT:  214 	Best cost:  0
IT:  215 	Best cost:  0
IT:  216 	Best cost:  0
IT:  217 	Best cost:  0
IT:  218 	Best cost:  0
IT:  219 	Best cost:  0
IT:  220 	Best cost:  0
IT:  221 	Best cost:  0
IT:  222 	Best cost:  0
IT:  223 	Best cost:  0
IT:  224 	Best cost:  0
IT:  225 	Best cost:  0
IT:  226 	Best cost:  0
IT:  227 	Best cost:  0
IT:  228 	Best cost:  0
IT:  229 	Best cost:  0
IT:  230 	Best cost:  0
IT:  231 	Best cost:  0
IT:  232 	Best cost:  0
IT:  233 	Best cost:  0
IT:  234 	Best cost:  0
IT:  235 	Best cost:  0
IT:  236 	Best cost:  0
IT:  237 	Best cost:  0
IT:  238 	Best cost:  0
IT:  239 	Best cost:  0
IT:  240 	Best cost:  0
IT:  241 	Best cost:  0
IT:  242 	Best cost:  0
IT:  243 	Best cost:  0
IT:  244 	Best cost:  0
IT:  245 	Best cost:  0
IT:  246 	Best cost:  0
IT:  247 	Best cost:  0
IT:  248 	Best cost:  0
IT:  249 	Best cost:  0
IT:  250 	Best cost:  0
IT:  251 	Best cost:  0
IT:  252 	Best cost:  0
IT:  253 	Best cost:  0
IT:  254 	Best cost:  0
IT:  255 	Best cost:  0
IT:  256 	Best cost:  0
IT:  257 	Best cost:  0
IT:  258 	Best cost:  0
IT:  259 	Best cost:  0
IT:  260 	Best cost:  0
IT:  261 	Best cost:  0
IT:  262 	Best cost:  0
IT:  263 	Best cost:  0
IT:  264 	Best cost:  0
IT:  265 	Best cost:  0
IT:  266 	Best cost:  0
IT:  267 	Best cost:  0
IT:  268 	Best cost:  0
IT:  269 	Best cost:  0
IT:  270 	Best cost:  0
IT:  271 	Best cost:  0
IT:  272 	Best cost:  0
IT:  273 	Best cost:  0
IT:  274 	Best cost:  0
IT:  275 	Best cost:  0
IT:  276 	Best cost:  0
IT:  277 	Best cost:  0
IT:  278 	Best cost:  0
IT:  279 	Best cost:  0
IT:  280 	Best cost:  0
IT:  281 	Best cost:  0
IT:  282 	Best cost:  0
IT:  283 	Best cost:  0

íPARADA ANTICIPADA! El 50% de los individuos cumple TODAS las reglas reales.
[3/200] bypass2/umda/binary rep=2: REGLAS_NECESARIAS=20 gens=286 eventos=19 perfectos=50% mean_acc=97%  (0.5min / ETA 31.7min)
Optimizador: UMDA
Modo de Fitness: BINARY
Reglas totales para evaluar precisiˇn: 20
Reglas usadas para entrenar (Fitness): 1
Iniciando optimizaciˇn...
IT:  0 	Best cost:  0
IT:  1 	Best cost:  0
IT:  2 	Best cost:  0
IT:  3 	Best cost:  0
IT:  4 	Best cost:  0
IT:  5 	Best cost:  0
IT:  6 	Best cost:  0
IT:  7 	Best cost:  0
IT:  8 	Best cost:  0
IT:  9 	Best cost:  0
IT:  10 	Best cost:  0
IT:  11 	Best cost:  0
IT:  12 	Best cost:  0
IT:  13 	Best cost:  0
IT:  14 	Best cost:  0
IT:  15 	Best cost:  0
IT:  16 	Best cost:  0
IT:  17 	Best cost:  0
IT:  18 	Best cost:  0
IT:  19 	Best cost:  0
IT:  20 	Best cost:  0
IT:  21 	Best cost:  0
IT:  22 	Best cost:  0
IT:  23 	Best cost:  0
IT:  24 	Best cost:  0
IT:  25 	Best cost:  0
IT:  26 	Best cost:  0
IT:  27 	Best cost:  0
IT:  28 	Best cost:  0
IT:  29 	Best cost:  0
IT:  30 	Best cost:  0
IT:  31 	Best cost:  0
IT:  32 	Best cost:  0
IT:  33 	Best cost:  0
IT:  34 	Best cost:  0
IT:  35 	Best cost:  0
IT:  36 	Best cost:  0
IT:  37 	Best cost:  0
IT:  38 	Best cost:  0
IT:  39 	Best cost:  0
IT:  40 	Best cost:  0
IT:  41 	Best cost:  0
IT:  42 	Best cost:  0
IT:  43 	Best cost:  0
IT:  44 	Best cost:  0
IT:  45 	Best cost:  0
IT:  46 	Best cost:  0
IT:  47 	Best cost:  0
IT:  48 	Best cost:  0
IT:  49 	Best cost:  0
IT:  50 	Best cost:  0
IT:  51 	Best cost:  0
IT:  52 	Best cost:  0
IT:  53 	Best cost:  0
IT:  54 	Best cost:  0
IT:  55 	Best cost:  0
IT:  56 	Best cost:  0
IT:  57 	Best cost:  0
IT:  58 	Best cost:  0
IT:  59 	Best cost:  0
IT:  60 	Best cost:  0
IT:  61 	Best cost:  0
IT:  62 	Best cost:  0
IT:  63 	Best cost:  0
IT:  64 	Best cost:  0
IT:  65 	Best cost:  0
IT:  66 	Best cost:  0
IT:  67 	Best cost:  0
IT:  68 	Best cost:  0
IT:  69 	Best cost:  0
IT:  70 	Best cost:  0
IT:  71 	Best cost:  0
IT:  72 	Best cost:  0
IT:  73 	Best cost:  0
IT:  74 	Best cost:  0
IT:  75 	Best cost:  0
IT:  76 	Best cost:  0
IT:  77 	Best cost:  0
IT:  78 	Best cost:  0
IT:  79 	Best cost:  0
IT:  80 	Best cost:  0
IT:  81 	Best cost:  0
IT:  82 	Best cost:  0
IT:  83 	Best cost:  0
IT:  84 	Best cost:  0
IT:  85 	Best cost:  0
IT:  86 	Best cost:  0
IT:  87 	Best cost:  0
IT:  88 	Best cost:  0
IT:  89 	Best cost:  0
IT:  90 	Best cost:  0
IT:  91 	Best cost:  0
IT:  92 	Best cost:  0